<?xml version="1.0" encoding="UTF-8"?>
<!-- Generated by org.testng.reporters.JUnitXMLReporter -->
<testsuite hostname="revaladm-ThinkCentre-M72e" failures="0" tests="10" name="Test_Lpaasdemo" time="126.187" errors="0" timestamp="15 Jul 2020 10:28:48 GMT">
  <testcase classname="DailyScriptsAPIs_Canon.RegisterAccount01" name="f" time="0.015"/>
  <testcase classname="DailyScriptsAPIs_Canon.SearchMember01" name="f" time="0.007"/>
  <testcase classname="DailyScriptsAPIs_Canon.EasyPointsAccrualEOSS01" name="f" time="0.007"/>
  <testcase classname="DailyScriptsAPIs_Canon.EasyPointsAccrual01" name="f" time="0.009"/>
  <testcase classname="DailyScriptsAPIs_Canon.FlatEasyPointsAccrual01" name="f" time="0.004"/>
  <testcase classname="DailyScriptsAPIs_Canon.FlatEasyPointsRedemption01" name="f" time="0.005"/>
  <testcase classname="DailyScriptsAPIs_Canon.CreateEmployee01" name="f" time="0.003"/>
  <testcase classname="DailyScriptsAPIs_Canon.GenerateReferralCode01" name="f" time="0.001"/>
  <testcase classname="DailyScriptsAPIs_Canon.GetCustomerReferalCode01" name="wsGetReferralCode" time="6.445"/>
  <testcase classname="DailyScriptsAPIs_Canon.SaveChildrenDetails01" name="SaveChildrenDetails" time="43.175"/>
</testsuite> <!-- Test_Lpaasdemo -->
